2023-04-19 15:46:53 INFO  Log:16 - *****************************
2023-04-19 15:46:53 INFO  Log:17 - *****************************
2023-04-19 15:46:53 INFO  Log:18 - ********This is the beginning of my test case********
2023-04-19 15:46:53 INFO  Log:34 - My test case is executing right now
2023-04-19 15:46:53 INFO  Log:39 - My test case might have some trival issues
2023-04-19 15:47:00 INFO  Log:34 - This case test is about to get completed
2023-04-19 15:47:00 INFO  Log:25 - ###################################
2023-04-19 15:47:00 INFO  Log:26 - ###################################
2023-04-19 15:47:00 INFO  Log:27 - ############This case test is finished############
2023-04-23 16:52:15 INFO  Log:16 - *****************************
2023-04-23 16:52:15 INFO  Log:17 - *****************************
2023-04-23 16:52:15 INFO  Log:18 - ********This is the beginning of my test case********
2023-04-23 16:52:15 INFO  Log:34 - My test case is executing right now
2023-04-23 16:52:15 INFO  Log:39 - My test case might have some trival issues
2023-04-23 16:52:18 INFO  Log:16 - *****************************
2023-04-23 16:52:18 INFO  Log:17 - *****************************
2023-04-23 16:52:18 INFO  Log:18 - ********This is the beginning of my test case********
2023-04-23 16:52:18 INFO  Log:34 - My test case is executing right now
2023-04-23 16:52:18 INFO  Log:39 - My test case might have some trival issues
2023-04-23 16:52:20 INFO  Log:34 - This case test is about to get completed
2023-04-23 16:52:20 INFO  Log:25 - ###################################
2023-04-23 16:52:20 INFO  Log:26 - ###################################
2023-04-23 16:52:20 INFO  Log:27 - ############This case test is finished############
